<?xml version="1.0" encoding="UTF-8"?>
<!-- Generated by org.testng.reporters.JUnitReportReporter -->
<testsuite hostname="LAPTOP-MC7Q49HB" failures="0" tests="2" name="com.practiceTest.GroupExecutionRegression" time="0.001" errors="1" timestamp="20 May 2022 09:35:25 GMT" skipped="1">
  <testcase classname="com.practiceTest.GroupExecutionRegression" name="createProductPropTest" time="0.001">
    <skipped/>
  </testcase> <!-- createProductPropTest -->
  <testcase classname="com.practiceTest.GroupExecutionRegression" name="beforClass" time="0.000">
    <error message="
Parameter &#039;browser&#039; is required by @Configuration on method beforClass but has not been marked @Optional or defined
in D:\Workspace\workspace1\SDET34L1\testngGroupRegression.xml" type="org.testng.TestNGException">
      <![CDATA[org.testng.TestNGException: 
Parameter 'browser' is required by @Configuration on method beforClass but has not been marked @Optional or defined
in D:\Workspace\workspace1\SDET34L1\testngGroupRegression.xml
	at org.testng.internal.Parameters.createParameters(Parameters.java:156)
	at org.testng.internal.Parameters.createParameters(Parameters.java:370)
	at org.testng.internal.Parameters.createConfigurationParameters(Parameters.java:86)
	at org.testng.internal.Invoker.invokeConfigurations(Invoker.java:202)
	at org.testng.internal.Invoker.invokeConfigurations(Invoker.java:143)
	at org.testng.internal.TestMethodWorker.invokeBeforeClassMethods(TestMethodWorker.java:169)
	at org.testng.internal.TestMethodWorker.run(TestMethodWorker.java:108)
	at java.base/java.util.concurrent.ThreadPoolExecutor.runWorker(ThreadPoolExecutor.java:1130)
	at java.base/java.util.concurrent.ThreadPoolExecutor$Worker.run(ThreadPoolExecutor.java:630)
	at java.base/java.lang.Thread.run(Thread.java:831)
]]>
    </error>
  </testcase> <!-- beforClass -->
</testsuite> <!-- com.practiceTest.GroupExecutionRegression -->
